2021/12/23 15:59:39 [notice] 2444#2444: signal process started
2021/12/23 16:05:35 [notice] 3038#3038: signal process started
2021/12/23 16:06:37 [emerg] 3083#3083: bind() to 0.0.0.0:8888 failed (98: Address already in use)
2021/12/23 16:06:37 [emerg] 3083#3083: bind() to 0.0.0.0:8888 failed (98: Address already in use)
2021/12/23 16:06:37 [emerg] 3083#3083: bind() to 0.0.0.0:8888 failed (98: Address already in use)
2021/12/23 16:06:37 [emerg] 3083#3083: bind() to 0.0.0.0:8888 failed (98: Address already in use)
2021/12/23 16:06:37 [emerg] 3083#3083: bind() to 0.0.0.0:8888 failed (98: Address already in use)
2021/12/23 16:06:37 [emerg] 3083#3083: still could not bind()
2021/12/23 16:06:47 [notice] 3088#3088: signal process started
2021/12/23 16:14:22 [notice] 3549#3549: signal process started
2021/12/23 16:30:02 [notice] 4285#4285: signal process started
2021/12/23 16:32:21 [notice] 4375#4375: signal process started
2021/12/23 17:17:28 [notice] 3120#3120: signal process started
2021/12/23 17:20:57 [notice] 3328#3328: signal process started
2021/12/23 17:27:50 [notice] 3484#3484: signal process started
2021/12/23 20:01:09 [notice] 9894#9894: signal process started
2021/12/23 20:13:48 [notice] 10326#10326: signal process started
2021/12/25 15:00:12 [notice] 50012#50012: signal process started
2021/12/25 15:02:05 [notice] 50119#50119: signal process started
2021/12/25 15:11:33 [notice] 50728#50728: signal process started
2021/12/25 15:13:14 [notice] 50931#50931: signal process started
2021/12/25 15:19:17 [notice] 51474#51474: signal process started
2021/12/25 15:29:00 [notice] 51857#51857: signal process started
2021/12/25 15:31:22 [notice] 52018#52018: signal process started
2021/12/25 15:33:50 [notice] 52207#52207: signal process started
2021/12/25 15:59:22 [notice] 53058#53058: signal process started
2021/12/25 16:00:06 [notice] 53185#53185: signal process started
2021/12/25 16:17:54 [notice] 55036#55036: signal process started
2021/12/25 16:19:05 [notice] 55116#55116: signal process started
2021/12/25 16:20:04 [notice] 55198#55198: signal process started
2021/12/25 16:20:27 [notice] 55285#55285: signal process started
2021/12/25 16:21:38 [notice] 55400#55400: signal process started
2021/12/25 16:22:11 [notice] 55467#55467: signal process started
2021/12/25 16:22:39 [notice] 55565#55565: signal process started
2021/12/25 16:24:56 [notice] 55743#55743: signal process started
2021/12/27 16:39:50 [notice] 3167#3167: signal process started
2021/12/27 16:43:17 [notice] 3458#3458: signal process started
2021/12/27 16:44:04 [notice] 3550#3550: signal process started
2021/12/28 16:50:18 [notice] 12211#12211: signal process started
2021/12/29 11:23:11 [notice] 19906#19906: signal process started
2021/12/29 11:24:59 [emerg] 20151#20151: bind() to 0.0.0.0:8888 failed (98: Address already in use)
2021/12/29 11:24:59 [emerg] 20151#20151: bind() to 0.0.0.0:8888 failed (98: Address already in use)
2021/12/29 11:24:59 [emerg] 20151#20151: bind() to 0.0.0.0:8888 failed (98: Address already in use)
2021/12/29 11:24:59 [emerg] 20151#20151: bind() to 0.0.0.0:8888 failed (98: Address already in use)
2022/01/06 16:23:45 [notice] 3603#3603: signal process started
2022/01/06 16:26:44 [notice] 3706#3706: signal process started
2022/01/06 16:28:23 [notice] 3763#3763: signal process started
2022/04/02 17:47:07 [notice] 9015#9015: signal process started
2022/04/02 18:12:08 [notice] 9143#9143: signal process started
2022/04/02 18:12:31 [emerg] 9189#9189: bind() to 0.0.0.0:8888 failed (98: Address already in use)
2022/04/02 18:12:31 [emerg] 9189#9189: bind() to 0.0.0.0:8888 failed (98: Address already in use)
2022/04/02 18:12:31 [emerg] 9189#9189: bind() to 0.0.0.0:8888 failed (98: Address already in use)
2022/04/02 18:12:36 [notice] 9219#9219: signal process started
2022/04/06 16:48:20 [notice] 31201#31201: signal process started
2022/04/06 16:52:06 [notice] 31259#31259: signal process started
2022/04/06 16:53:29 [notice] 31296#31296: signal process started
2022/04/06 16:55:56 [notice] 31347#31347: signal process started
2022/04/06 17:10:37 [notice] 31490#31490: signal process started
2022/04/06 17:16:37 [notice] 31627#31627: signal process started
2022/04/06 17:16:58 [notice] 31686#31686: signal process started
2022/04/06 17:30:58 [notice] 32214#32214: signal process started
2022/04/06 17:37:47 [notice] 32570#32570: signal process started
2022/04/06 17:39:46 [notice] 32771#32771: signal process started
2022/04/06 17:40:18 [notice] 32878#32878: signal process started
2022/04/06 17:41:36 [emerg] 33104#33104: bind() to 0.0.0.0:8888 failed (98: Address already in use)
2022/04/06 17:41:36 [emerg] 33104#33104: bind() to 0.0.0.0:8888 failed (98: Address already in use)
2022/04/06 17:41:36 [emerg] 33104#33104: bind() to 0.0.0.0:8888 failed (98: Address already in use)
2022/04/06 17:41:46 [notice] 33128#33128: signal process started
2022/04/06 17:43:38 [notice] 33320#33320: signal process started
2022/04/06 17:46:49 [notice] 33416#33416: signal process started
2022/04/06 17:46:49 [error] 33416#33416: open() "/root/project/WCalendar/tmp/nginx.pid" failed (2: No such file or directory)
2022/04/06 17:47:35 [emerg] 33553#33553: bind() to 0.0.0.0:8888 failed (98: Address already in use)
2022/04/06 17:47:35 [emerg] 33553#33553: bind() to 0.0.0.0:8888 failed (98: Address already in use)
2022/04/06 17:47:35 [emerg] 33553#33553: bind() to 0.0.0.0:8888 failed (98: Address already in use)
2022/04/06 17:47:35 [emerg] 33553#33553: bind() to 0.0.0.0:8888 failed (98: Address already in use)
2022/04/06 17:47:35 [emerg] 33553#33553: bind() to 0.0.0.0:8888 failed (98: Address already in use)
2022/04/06 17:47:39 [notice] 33585#33585: signal process started
2022/04/06 17:48:34 [notice] 33662#33662: signal process started
2022/04/06 17:48:46 [notice] 33738#33738: signal process started
2022/04/06 17:49:11 [notice] 33848#33848: signal process started
2022/04/06 17:49:43 [notice] 33920#33920: signal process started
2022/04/06 18:10:17 [notice] 34147#34147: signal process started
2022/04/06 18:11:44 [notice] 34232#34232: signal process started
2022/04/06 18:12:03 [notice] 34307#34307: signal process started
2022/04/06 20:07:32 [emerg] 3742#3742: bind() to 0.0.0.0:8888 failed (98: Address already in use)
2022/04/06 20:07:32 [emerg] 3742#3742: bind() to 0.0.0.0:8888 failed (98: Address already in use)
2022/04/06 20:07:32 [emerg] 3742#3742: bind() to 0.0.0.0:8888 failed (98: Address already in use)
2022/04/06 20:12:48 [notice] 3827#3827: signal process started
2022/04/06 20:53:39 [notice] 4206#4206: signal process started
2022/04/06 20:55:56 [notice] 4679#4679: signal process started
2022/04/06 20:56:33 [notice] 4805#4805: signal process started
2022/04/06 20:59:25 [notice] 4931#4931: signal process started
2022/04/06 21:00:51 [notice] 5015#5015: signal process started
2022/04/06 21:03:12 [notice] 5127#5127: signal process started
2022/04/06 21:28:32 [notice] 5556#5556: signal process started
2022/04/07 14:53:27 [notice] 9124#9124: signal process started
2022/04/07 14:54:00 [notice] 9158#9158: signal process started
2022/04/07 14:55:48 [notice] 9497#9497: signal process started
2022/04/07 14:58:04 [notice] 9631#9631: signal process started
2022/04/07 15:08:29 [notice] 9796#9796: signal process started
2022/04/07 16:05:16 [notice] 10597#10597: signal process started
2022/04/07 16:09:17 [notice] 10912#10912: signal process started
2022/04/07 16:17:18 [notice] 11054#11054: signal process started
2022/04/07 16:17:42 [notice] 11130#11130: signal process started
2022/04/07 16:20:38 [notice] 11245#11245: signal process started
2022/04/07 17:17:21 [notice] 12110#12110: signal process started
2022/04/07 17:21:29 [notice] 12203#12203: signal process started
2022/04/07 17:29:45 [notice] 12500#12500: signal process started
2022/04/07 20:31:24 [notice] 13494#13494: signal process started
2022/04/07 20:32:56 [notice] 13626#13626: signal process started
2022/04/07 20:33:49 [notice] 13801#13801: signal process started
2022/04/07 20:34:31 [notice] 14290#14290: signal process started
2022/04/07 20:35:20 [notice] 14664#14664: signal process started
2022/04/07 20:35:36 [notice] 15150#15150: signal process started
2022/04/07 21:11:52 [notice] 15560#15560: signal process started
2022/04/07 21:17:51 [notice] 15730#15730: signal process started
2022/04/07 21:19:06 [notice] 15829#15829: signal process started
2022/04/07 21:20:01 [notice] 15925#15925: signal process started
2022/04/07 21:20:17 [notice] 15990#15990: signal process started
2022/04/08 15:00:24 [notice] 23941#23941: signal process started
2022/04/08 15:09:52 [notice] 24953#24953: signal process started
2022/04/08 15:10:34 [notice] 25068#25068: signal process started
2022/04/08 16:02:25 [notice] 25391#25391: signal process started
2022/04/08 16:04:16 [notice] 25480#25480: signal process started
2022/04/08 16:04:30 [notice] 25573#25573: signal process started
2022/04/08 16:07:07 [notice] 25743#25743: signal process started
2022/04/08 16:07:14 [notice] 25796#25796: signal process started
2022/04/08 16:15:03 [notice] 26029#26029: signal process started
2022/04/08 16:16:07 [notice] 26099#26099: signal process started
2022/04/08 16:38:32 [notice] 26682#26682: signal process started
2022/04/08 16:42:05 [notice] 26877#26877: signal process started
2022/04/08 16:43:42 [notice] 26999#26999: signal process started
2022/04/08 16:45:48 [notice] 27071#27071: signal process started
2022/04/08 16:46:08 [notice] 27135#27135: signal process started
2022/04/08 16:46:08 [notice] 27144#27144: signal process started
2022/04/08 16:50:24 [notice] 27380#27380: signal process started
2022/04/08 16:50:50 [notice] 27442#27442: signal process started
2022/04/08 16:51:20 [notice] 27508#27508: signal process started
2022/04/08 17:16:17 [notice] 28434#28434: signal process started
2022/04/08 17:19:13 [notice] 28592#28592: signal process started
2022/04/08 17:19:28 [notice] 28655#28655: signal process started
2022/04/08 17:23:52 [notice] 28828#28828: signal process started
2022/04/08 17:24:24 [notice] 28878#28878: signal process started
2022/04/08 17:26:17 [notice] 28961#28961: signal process started
2022/04/08 17:28:49 [notice] 29132#29132: signal process started
2022/04/08 17:40:05 [notice] 29542#29542: signal process started
2022/04/08 17:44:18 [notice] 29767#29767: signal process started
2022/04/08 17:44:40 [notice] 29824#29824: signal process started
2022/04/09 13:55:37 [emerg] 6077#6077: bind() to 0.0.0.0:8888 failed (98: Address already in use)
2022/04/09 13:55:37 [emerg] 6077#6077: bind() to 0.0.0.0:8888 failed (98: Address already in use)
2022/04/09 13:55:37 [emerg] 6077#6077: bind() to 0.0.0.0:8888 failed (98: Address already in use)
2022/04/09 13:55:37 [emerg] 6077#6077: bind() to 0.0.0.0:8888 failed (98: Address already in use)
2022/04/09 13:55:37 [emerg] 6077#6077: bind() to 0.0.0.0:8888 failed (98: Address already in use)
2022/04/09 13:55:37 [emerg] 6077#6077: still could not bind()
2022/04/09 13:59:46 [notice] 6466#6466: signal process started
2022/04/09 13:59:49 [notice] 6487#6487: signal process started
2022/04/09 14:00:42 [notice] 6547#6547: signal process started
2022/04/09 14:59:09 [notice] 7648#7648: signal process started
2022/04/09 15:05:15 [notice] 7739#7739: signal process started
2022/04/09 15:05:59 [notice] 7806#7806: signal process started
2022/04/09 15:06:55 [notice] 7888#7888: signal process started
2022/04/09 15:07:47 [notice] 7959#7959: signal process started
2022/04/09 15:56:39 [notice] 8287#8287: signal process started
2022/04/09 15:56:41 [notice] 8305#8305: signal process started
2022/04/09 16:15:28 [notice] 8565#8565: signal process started
2022/04/09 16:24:10 [notice] 9060#9060: signal process started
2022/04/09 16:25:34 [notice] 9115#9115: signal process started
2022/04/09 16:26:47 [notice] 9209#9209: signal process started
2022/04/09 16:55:51 [notice] 9504#9504: signal process started
2022/04/09 16:56:53 [notice] 9618#9618: signal process started
2022/04/09 16:58:34 [notice] 9697#9697: signal process started
2022/04/09 17:07:06 [notice] 9819#9819: signal process started
2022/04/09 17:21:12 [notice] 10258#10258: signal process started
2022/04/09 17:25:53 [notice] 10378#10378: signal process started
2022/04/09 17:26:20 [notice] 10461#10461: signal process started
2022/04/09 17:26:40 [notice] 10526#10526: signal process started
2022/04/09 17:31:43 [notice] 10625#10625: signal process started
2022/04/09 17:35:42 [notice] 10727#10727: signal process started
2022/04/09 17:36:45 [notice] 10792#10792: signal process started
2022/04/09 17:37:35 [notice] 10861#10861: signal process started
2022/04/09 17:38:28 [notice] 10927#10927: signal process started
2022/04/09 17:40:23 [notice] 11005#11005: signal process started
2022/04/09 17:50:21 [notice] 11129#11129: signal process started
2022/04/09 17:51:01 [notice] 11193#11193: signal process started
2022/04/09 17:51:49 [notice] 11300#11300: signal process started
2022/04/09 17:56:06 [notice] 11434#11434: signal process started
2022/04/09 17:57:49 [notice] 11505#11505: signal process started
2022/04/09 17:58:32 [notice] 11586#11586: signal process started
2022/04/09 18:01:44 [notice] 11669#11669: signal process started
2022/04/09 18:02:42 [notice] 11768#11768: signal process started
2022/04/09 18:17:41 [notice] 11982#11982: signal process started
2022/04/09 18:17:58 [notice] 12040#12040: signal process started
2022/04/09 18:17:58 [notice] 12055#12055: signal process started
2022/04/09 18:19:42 [notice] 12142#12142: signal process started
2022/04/09 18:19:42 [notice] 12151#12151: signal process started
2022/04/09 18:20:07 [notice] 12231#12231: signal process started
2022/04/09 18:21:36 [notice] 12353#12353: signal process started
2022/04/09 18:22:16 [notice] 12394#12394: signal process started
2022/04/09 18:23:03 [notice] 12465#12465: signal process started
2022/04/09 18:27:24 [notice] 12572#12572: signal process started
2022/04/09 18:27:52 [notice] 12642#12642: signal process started
2022/04/09 18:28:52 [notice] 12710#12710: signal process started
2022/04/09 18:30:22 [notice] 12830#12830: signal process started
2022/04/09 18:30:37 [notice] 12893#12893: signal process started
2022/04/09 18:30:38 [notice] 12902#12902: signal process started
2022/04/09 18:31:06 [notice] 12984#12984: signal process started
2022/04/10 15:54:13 [notice] 2916#2916: signal process started
2022/04/10 15:54:13 [alert] 2916#2916: kill(10114, 1) failed (3: No such process)
2022/04/10 15:57:44 [notice] 3010#3010: signal process started
2022/04/10 15:58:04 [notice] 3044#3044: signal process started
2022/04/10 15:58:34 [notice] 3090#3090: signal process started
2022/04/10 15:58:40 [notice] 3120#3120: signal process started
2022/04/10 16:26:02 [notice] 3390#3390: signal process started
2022/04/10 16:27:57 [notice] 3551#3551: signal process started
2022/04/10 16:30:19 [notice] 3625#3625: signal process started
2022/04/10 16:31:15 [notice] 3693#3693: signal process started
2022/04/10 16:31:37 [notice] 3757#3757: signal process started
2022/04/10 16:32:26 [emerg] 3816#3816: bind() to 0.0.0.0:8888 failed (98: Address already in use)
2022/04/10 16:32:26 [emerg] 3816#3816: bind() to 0.0.0.0:8888 failed (98: Address already in use)
2022/04/10 16:32:26 [emerg] 3816#3816: bind() to 0.0.0.0:8888 failed (98: Address already in use)
2022/04/10 16:32:29 [notice] 3837#3837: signal process started
2022/04/10 16:33:07 [emerg] 3925#3925: bind() to 0.0.0.0:8888 failed (98: Address already in use)
2022/04/10 16:33:07 [emerg] 3925#3925: bind() to 0.0.0.0:8888 failed (98: Address already in use)
2022/04/10 16:33:07 [emerg] 3925#3925: bind() to 0.0.0.0:8888 failed (98: Address already in use)
2022/04/10 16:33:07 [emerg] 3925#3925: bind() to 0.0.0.0:8888 failed (98: Address already in use)
2022/04/10 16:33:11 [notice] 3946#3946: signal process started
2022/04/10 16:34:01 [notice] 4041#4041: signal process started
2022/04/10 16:37:50 [notice] 4420#4420: signal process started
2022/04/10 16:39:08 [notice] 4500#4500: signal process started
2022/04/10 16:39:21 [notice] 4534#4534: signal process started
2022/04/10 16:41:22 [notice] 4601#4601: signal process started
2022/04/10 16:43:45 [notice] 4739#4739: signal process started
2022/04/10 17:10:10 [notice] 4941#4941: signal process started
2022/04/10 17:10:53 [notice] 5005#5005: signal process started
2022/04/10 17:11:16 [notice] 5070#5070: signal process started
2022/04/10 17:12:11 [notice] 5133#5133: signal process started
2022/04/10 17:12:27 [notice] 5203#5203: signal process started
2022/04/10 17:13:19 [notice] 5266#5266: signal process started
2022/04/10 17:20:42 [notice] 5588#5588: signal process started
2022/04/10 17:23:37 [notice] 5690#5690: signal process started
2022/04/10 17:23:49 [notice] 5727#5727: signal process started
2022/04/10 17:30:30 [notice] 5826#5826: signal process started
2022/04/10 17:37:23 [notice] 5989#5989: signal process started
2022/04/11 11:20:35 [notice] 54995#54995: signal process started
2022/04/11 11:21:07 [notice] 55077#55077: signal process started
2022/04/11 11:21:28 [notice] 55164#55164: signal process started
2022/04/11 11:23:35 [notice] 55229#55229: signal process started
2022/04/11 11:25:04 [notice] 55304#55304: signal process started
2022/04/11 11:26:40 [notice] 55369#55369: signal process started
2022/04/11 11:27:53 [notice] 55446#55446: signal process started
2022/04/11 11:28:04 [notice] 55509#55509: signal process started
2022/04/11 11:35:53 [notice] 55627#55627: signal process started
2022/04/11 11:38:50 [notice] 55713#55713: signal process started
2022/04/11 11:39:02 [notice] 55771#55771: signal process started
2022/04/11 11:39:21 [notice] 55827#55827: signal process started
2022/04/11 11:39:48 [notice] 55909#55909: signal process started
2022/04/11 11:41:14 [notice] 55974#55974: signal process started
2022/04/11 11:41:39 [notice] 56037#56037: signal process started
2022/04/11 11:41:51 [notice] 56105#56105: signal process started
2022/04/11 11:42:07 [notice] 56173#56173: signal process started
2022/04/11 11:42:31 [notice] 56241#56241: signal process started
2022/04/11 11:42:40 [notice] 56302#56302: signal process started
2022/04/11 11:43:11 [notice] 56366#56366: signal process started
2022/04/11 11:43:25 [notice] 56429#56429: signal process started
2022/04/11 11:44:01 [notice] 56522#56522: signal process started
2022/04/11 11:44:31 [notice] 56586#56586: signal process started
2022/04/11 11:44:40 [notice] 56651#56651: signal process started
2022/04/11 11:44:59 [notice] 56738#56738: signal process started
2022/04/11 11:45:11 [notice] 56807#56807: signal process started
2022/04/11 11:45:24 [notice] 56872#56872: signal process started
2022/04/11 11:45:48 [notice] 56922#56922: signal process started
2022/04/11 11:46:00 [notice] 56985#56985: signal process started
2022/04/11 11:46:17 [notice] 57049#57049: signal process started
2022/04/11 11:46:57 [emerg] 57132#57132: bind() to 0.0.0.0:8888 failed (98: Address already in use)
2022/04/11 11:46:57 [emerg] 57132#57132: bind() to 0.0.0.0:8888 failed (98: Address already in use)
2022/04/11 11:46:57 [emerg] 57132#57132: bind() to 0.0.0.0:8888 failed (98: Address already in use)
2022/04/11 11:47:00 [notice] 57153#57153: signal process started
2022/04/11 11:47:11 [notice] 57220#57220: signal process started
2022/04/11 11:47:24 [notice] 57284#57284: signal process started
2022/04/11 11:51:06 [notice] 57372#57372: signal process started
2022/04/11 11:52:12 [notice] 57485#57485: signal process started
2022/04/11 11:53:47 [notice] 57692#57692: signal process started
2022/04/11 12:08:06 [notice] 58387#58387: signal process started
2022/04/11 12:09:59 [notice] 58520#58520: signal process started
2022/04/11 12:13:41 [notice] 58618#58618: signal process started
2022/04/11 17:18:25 [notice] 61424#61424: signal process started
2022/04/11 17:38:51 [notice] 61745#61745: signal process started
2022/04/11 17:39:48 [notice] 61845#61845: signal process started
2022/04/11 17:40:21 [notice] 61910#61910: signal process started
2022/04/11 17:41:48 [notice] 62001#62001: signal process started
2022/04/11 17:43:12 [notice] 62094#62094: signal process started
2022/04/11 17:46:04 [notice] 62189#62189: signal process started
2022/04/11 17:46:26 [notice] 62284#62284: signal process started
2022/04/12 11:31:36 [notice] 70951#70951: signal process started
2022/04/12 11:32:12 [notice] 71029#71029: signal process started
2022/04/12 11:33:59 [notice] 71134#71134: signal process started
2022/04/12 11:34:26 [notice] 71208#71208: signal process started
2022/04/12 11:34:46 [notice] 71276#71276: signal process started
2022/04/12 11:35:01 [notice] 71339#71339: signal process started
2022/04/12 11:35:25 [notice] 71410#71410: signal process started
2022/04/12 11:36:01 [notice] 71474#71474: signal process started
2022/04/12 11:36:33 [notice] 71541#71541: signal process started
2022/04/12 11:37:05 [notice] 71609#71609: signal process started
2022/04/12 11:37:06 [notice] 71628#71628: signal process started
2022/04/12 11:37:18 [notice] 71669#71669: signal process started
2022/04/12 11:37:24 [notice] 71714#71714: signal process started
2022/04/12 11:38:17 [notice] 71813#71813: signal process started
2022/04/12 11:38:39 [notice] 71878#71878: signal process started
2022/04/12 11:39:29 [notice] 71980#71980: signal process started
2022/04/12 11:39:40 [notice] 72044#72044: signal process started
2022/04/12 11:40:04 [notice] 72109#72109: signal process started
2022/04/12 11:40:21 [notice] 72190#72190: signal process started
2022/04/12 11:41:13 [notice] 72259#72259: signal process started
2022/04/12 11:41:30 [notice] 72326#72326: signal process started
2022/04/12 11:43:33 [notice] 72413#72413: signal process started
2022/04/12 11:45:00 [notice] 72513#72513: signal process started
2022/04/12 11:47:38 [notice] 72599#72599: signal process started
2022/04/12 11:50:01 [notice] 72712#72712: signal process started
2022/04/12 11:50:41 [notice] 72780#72780: signal process started
2022/04/12 11:50:50 [notice] 72813#72813: signal process started
2022/04/12 11:51:48 [notice] 72878#72878: signal process started
2022/04/12 11:52:55 [notice] 72977#72977: signal process started
2022/04/12 11:53:34 [notice] 73062#73062: signal process started
2022/04/12 11:53:53 [notice] 73126#73126: signal process started
2022/04/12 11:54:25 [notice] 73213#73213: signal process started
2022/04/12 11:54:52 [notice] 73295#73295: signal process started
2022/04/12 11:56:42 [notice] 73386#73386: signal process started
2022/04/12 11:59:41 [notice] 73671#73671: signal process started
2022/04/12 12:02:28 [notice] 73902#73902: signal process started
2022/04/12 12:03:04 [notice] 73967#73967: signal process started
2022/04/12 12:05:14 [notice] 74134#74134: signal process started
2022/04/12 16:25:48 [notice] 75728#75728: signal process started
2022/04/12 16:26:30 [notice] 75840#75840: signal process started
2022/04/12 16:26:41 [notice] 75911#75911: signal process started
2022/04/12 16:33:32 [notice] 76085#76085: signal process started
2022/04/12 16:33:54 [notice] 76127#76127: signal process started
2022/04/12 16:35:08 [notice] 76242#76242: signal process started
2022/04/12 16:35:39 [notice] 76311#76311: signal process started
2022/04/12 17:44:13 [notice] 77201#77201: signal process started
2022/04/12 17:46:31 [notice] 77337#77337: signal process started
2022/04/12 17:46:57 [notice] 77412#77412: signal process started
2022/04/12 17:48:48 [notice] 77500#77500: signal process started
2022/04/12 17:50:15 [notice] 77573#77573: signal process started
2022/04/12 17:50:50 [notice] 77638#77638: signal process started
2022/04/12 17:51:50 [notice] 77792#77792: signal process started
2022/04/12 18:00:18 [notice] 78024#78024: signal process started
2022/04/12 18:00:49 [notice] 78092#78092: signal process started
2022/04/12 18:01:58 [notice] 78184#78184: signal process started
2022/04/12 21:30:52 [notice] 79550#79550: signal process started
2022/04/13 10:36:37 [emerg] 85621#85621: bind() to 0.0.0.0:8888 failed (98: Address already in use)
2022/04/13 10:36:37 [emerg] 85621#85621: bind() to 0.0.0.0:8888 failed (98: Address already in use)
2022/04/13 10:36:37 [emerg] 85621#85621: bind() to 0.0.0.0:8888 failed (98: Address already in use)
2022/04/13 10:36:43 [notice] 85642#85642: signal process started
2022/04/13 10:39:53 [notice] 85756#85756: signal process started
2022/04/13 11:30:43 [notice] 86209#86209: signal process started
2022/04/13 11:30:55 [notice] 86272#86272: signal process started
2022/04/13 11:31:36 [notice] 86337#86337: signal process started
2022/04/13 11:32:41 [notice] 86419#86419: signal process started
2022/04/13 11:33:02 [notice] 86482#86482: signal process started
2022/04/13 11:38:33 [notice] 86739#86739: signal process started
2022/04/13 11:42:57 [notice] 86920#86920: signal process started
2022/04/13 11:49:47 [notice] 87269#87269: signal process started
2022/04/13 11:49:47 [error] 87269#87269: open() "/root/project/WCalendar/tmp/nginx.pid" failed (2: No such file or directory)
2022/04/13 11:54:27 [notice] 87479#87479: signal process started
2022/04/13 11:54:44 [notice] 87543#87543: signal process started
2022/04/13 11:55:51 [notice] 87610#87610: signal process started
2022/04/13 11:57:03 [notice] 87678#87678: signal process started
2022/04/13 11:57:12 [notice] 87747#87747: signal process started
2022/04/13 11:57:17 [notice] 87795#87795: signal process started
2022/04/13 12:10:26 [notice] 87956#87956: signal process started
2022/04/13 12:14:40 [notice] 88078#88078: signal process started
2022/04/13 14:51:41 [notice] 89367#89367: signal process started
2022/04/13 14:54:44 [notice] 89450#89450: signal process started
2022/04/13 15:04:31 [notice] 89595#89595: signal process started
2022/04/13 15:05:00 [notice] 89665#89665: signal process started
2022/04/13 15:06:19 [notice] 89733#89733: signal process started
2022/04/13 15:08:13 [notice] 89855#89855: signal process started
2022/04/13 15:08:54 [notice] 89919#89919: signal process started
2022/04/13 15:11:39 [notice] 90000#90000: signal process started
2022/04/13 15:12:53 [notice] 90084#90084: signal process started
2022/04/13 15:15:05 [notice] 90154#90154: signal process started
2022/04/13 15:15:39 [notice] 90222#90222: signal process started
2022/04/13 15:15:47 [notice] 90285#90285: signal process started
2022/04/13 15:26:00 [notice] 90417#90417: signal process started
2022/04/13 15:26:26 [notice] 90480#90480: signal process started
2022/04/13 15:27:31 [notice] 90632#90632: signal process started
2022/04/13 15:28:19 [notice] 90732#90732: signal process started
2022/04/13 15:28:35 [notice] 90795#90795: signal process started
2022/04/13 15:29:05 [notice] 90858#90858: signal process started
2022/04/13 15:29:33 [notice] 90924#90924: signal process started
2022/04/13 15:30:00 [notice] 91021#91021: signal process started
2022/04/13 15:30:27 [notice] 91075#91075: signal process started
2022/04/13 15:30:48 [notice] 91140#91140: signal process started
2022/04/13 15:31:36 [notice] 91205#91205: signal process started
2022/04/13 15:31:55 [notice] 91276#91276: signal process started
2022/04/13 15:32:05 [notice] 91339#91339: signal process started
2022/04/13 15:32:49 [notice] 91381#91381: signal process started
2022/04/13 15:35:09 [notice] 91457#91457: signal process started
2022/04/13 15:36:24 [notice] 91539#91539: signal process started
2022/04/13 15:38:21 [notice] 91615#91615: signal process started
2022/04/13 15:39:13 [notice] 91680#91680: signal process started
2022/04/13 15:39:43 [notice] 91747#91747: signal process started
2022/04/13 15:42:01 [emerg] 91930#91930: bind() to 0.0.0.0:8888 failed (98: Address already in use)
2022/04/13 15:42:01 [emerg] 91930#91930: bind() to 0.0.0.0:8888 failed (98: Address already in use)
2022/04/13 15:42:01 [emerg] 91930#91930: bind() to 0.0.0.0:8888 failed (98: Address already in use)
2022/04/13 15:42:01 [emerg] 91930#91930: bind() to 0.0.0.0:8888 failed (98: Address already in use)
2022/04/13 15:42:01 [emerg] 91930#91930: bind() to 0.0.0.0:8888 failed (98: Address already in use)
2022/04/13 15:42:01 [emerg] 91930#91930: still could not bind()
2022/04/13 15:46:57 [notice] 92059#92059: signal process started
2022/04/13 15:48:17 [notice] 92130#92130: signal process started
2022/04/13 15:48:42 [notice] 92197#92197: signal process started
2022/04/13 15:50:35 [notice] 92269#92269: signal process started
2022/04/13 15:50:52 [notice] 92348#92348: signal process started
2022/04/13 15:51:54 [notice] 92436#92436: signal process started
2022/04/13 16:09:11 [notice] 92671#92671: signal process started
2022/04/13 16:09:30 [notice] 92740#92740: signal process started
2022/04/13 16:13:35 [notice] 92834#92834: signal process started
2022/04/13 16:15:06 [notice] 92904#92904: signal process started
2022/04/13 16:16:22 [notice] 93026#93026: signal process started
2022/04/13 16:17:43 [notice] 93109#93109: signal process started
2022/04/13 16:43:45 [notice] 93317#93317: signal process started
2022/04/13 16:44:23 [notice] 93382#93382: signal process started
2022/04/13 16:44:41 [notice] 93446#93446: signal process started
2022/04/13 17:12:29 [notice] 93759#93759: signal process started
2022/04/13 17:12:40 [notice] 93823#93823: signal process started
2022/04/13 17:13:07 [notice] 93890#93890: signal process started
2022/04/13 17:13:19 [notice] 93954#93954: signal process started
2022/04/13 17:14:14 [notice] 94026#94026: signal process started
2022/04/13 17:14:20 [notice] 94057#94057: signal process started
2022/04/13 17:17:39 [notice] 94154#94154: signal process started
2022/04/13 17:19:06 [notice] 94224#94224: signal process started
2022/04/13 17:20:12 [notice] 94332#94332: signal process started
2022/04/13 17:20:42 [notice] 94396#94396: signal process started
2022/04/13 17:21:31 [notice] 94495#94495: signal process started
2022/04/13 17:21:50 [notice] 94563#94563: signal process started
2022/04/13 17:22:04 [notice] 94626#94626: signal process started
2022/04/13 17:25:34 [notice] 94713#94713: signal process started
2022/04/13 17:25:53 [notice] 94779#94779: signal process started
2022/04/13 17:26:08 [notice] 94843#94843: signal process started
2022/04/13 17:55:03 [notice] 95110#95110: signal process started
2022/04/13 18:06:30 [emerg] 95622#95622: bind() to 0.0.0.0:8888 failed (98: Address already in use)
2022/04/13 18:06:30 [emerg] 95622#95622: bind() to 0.0.0.0:8888 failed (98: Address already in use)
2022/04/13 18:06:30 [emerg] 95622#95622: bind() to 0.0.0.0:8888 failed (98: Address already in use)
2022/04/13 18:06:33 [notice] 95643#95643: signal process started
2022/04/13 18:08:13 [notice] 95778#95778: signal process started
2022/04/13 18:09:21 [notice] 95863#95863: signal process started
2022/04/13 18:10:46 [notice] 95949#95949: signal process started
2022/04/13 19:51:10 [notice] 96801#96801: signal process started
2022/04/13 19:52:30 [notice] 96945#96945: signal process started
2022/04/13 19:55:12 [notice] 97071#97071: signal process started
2022/04/13 19:55:24 [notice] 97134#97134: signal process started
2022/04/13 19:55:54 [notice] 97197#97197: signal process started
2022/04/13 19:56:02 [notice] 97255#97255: signal process started
2022/04/13 19:58:25 [notice] 97391#97391: signal process started
2022/04/13 19:58:32 [notice] 97439#97439: signal process started
2022/04/13 19:59:21 [notice] 97552#97552: signal process started
2022/04/13 20:00:10 [notice] 97627#97627: signal process started
2022/04/13 20:01:49 [notice] 97712#97712: signal process started
2022/04/13 20:03:08 [notice] 97798#97798: signal process started
2022/04/13 20:03:16 [notice] 97846#97846: signal process started
2022/04/13 20:03:25 [notice] 97912#97912: signal process started
2022/04/13 20:03:40 [notice] 97965#97965: signal process started
2022/04/13 20:04:05 [notice] 98036#98036: signal process started
2022/04/13 20:07:33 [notice] 98339#98339: signal process started
2022/04/13 20:09:02 [notice] 98411#98411: signal process started
2022/04/13 20:12:06 [notice] 98655#98655: signal process started
2022/04/13 20:14:32 [notice] 98762#98762: signal process started
2022/04/13 20:15:16 [notice] 98843#98843: signal process started
2022/04/13 20:15:27 [notice] 98909#98909: signal process started
2022/04/13 20:16:57 [notice] 99076#99076: signal process started
2022/04/13 20:18:46 [notice] 99296#99296: signal process started
2022/04/13 20:20:34 [notice] 99407#99407: signal process started
2022/04/13 20:21:59 [notice] 99511#99511: signal process started
2022/04/13 20:23:06 [notice] 99605#99605: signal process started
2022/04/13 20:23:32 [notice] 99673#99673: signal process started
2022/04/13 20:24:46 [notice] 99780#99780: signal process started
2022/04/13 20:25:23 [notice] 99829#99829: signal process started
2022/04/13 20:26:40 [notice] 99894#99894: signal process started
2022/04/13 20:27:25 [notice] 99955#99955: signal process started
2022/04/13 20:27:38 [notice] 100040#100040: signal process started
2022/04/13 20:29:09 [notice] 100103#100103: signal process started
2022/04/13 20:31:07 [notice] 100206#100206: signal process started
2022/04/13 20:31:28 [notice] 100270#100270: signal process started
2022/04/13 20:32:39 [notice] 100355#100355: signal process started
2022/04/13 20:34:40 [notice] 100434#100434: signal process started
2022/04/13 20:35:14 [notice] 100499#100499: signal process started
2022/04/13 20:35:38 [notice] 100548#100548: signal process started
2022/04/13 20:36:11 [notice] 100630#100630: signal process started
2022/04/13 20:36:49 [notice] 100686#100686: signal process started
2022/04/13 20:42:12 [notice] 100779#100779: signal process started
2022/04/13 20:42:23 [notice] 100844#100844: signal process started
2022/04/13 20:42:52 [notice] 100903#100903: signal process started
2022/04/13 20:43:23 [notice] 100975#100975: signal process started
2022/04/13 20:43:47 [notice] 101039#101039: signal process started
2022/04/13 20:44:56 [notice] 101198#101198: signal process started
2022/04/13 20:47:42 [notice] 101308#101308: signal process started
2022/04/13 20:48:04 [notice] 101375#101375: signal process started
2022/04/13 20:49:02 [notice] 101488#101488: signal process started
2022/04/13 20:49:12 [notice] 101537#101537: signal process started
2022/04/13 20:49:18 [notice] 101573#101573: signal process started
2022/04/13 20:49:27 [notice] 101636#101636: signal process started
2022/04/13 20:49:57 [notice] 101719#101719: signal process started
2022/04/13 20:50:42 [notice] 101783#101783: signal process started
2022/04/13 20:50:58 [notice] 101862#101862: signal process started
2022/04/13 20:51:06 [notice] 101911#101911: signal process started
2022/04/13 20:52:02 [notice] 101991#101991: signal process started
2022/04/13 20:55:00 [notice] 102102#102102: signal process started
2022/04/13 20:55:42 [notice] 102156#102156: signal process started
2022/04/14 10:44:45 [notice] 111113#111113: signal process started
2022/04/14 11:09:26 [notice] 111522#111522: signal process started
2022/04/14 11:13:32 [notice] 111909#111909: signal process started
2022/04/14 11:16:54 [notice] 112202#112202: signal process started
2022/04/14 11:17:42 [notice] 112279#112279: signal process started
2022/04/14 11:27:55 [notice] 112994#112994: signal process started
2022/04/14 11:28:56 [notice] 113035#113035: signal process started
2022/04/14 11:31:13 [notice] 113126#113126: signal process started
2022/04/14 11:31:50 [notice] 113198#113198: signal process started
2022/04/14 11:32:20 [notice] 113267#113267: signal process started
2022/04/14 11:32:44 [notice] 113331#113331: signal process started
2022/04/14 11:33:09 [notice] 113395#113395: signal process started
2022/04/14 11:33:21 [notice] 113458#113458: signal process started
2022/04/14 11:34:49 [notice] 113548#113548: signal process started
2022/04/14 11:36:22 [notice] 113647#113647: signal process started
2022/04/14 11:39:26 [notice] 113828#113828: signal process started
2022/04/14 11:42:02 [notice] 113884#113884: signal process started
2022/04/14 14:36:21 [notice] 115206#115206: signal process started
2022/04/14 14:37:16 [notice] 115338#115338: signal process started
2022/04/14 14:38:27 [notice] 115403#115403: signal process started
2022/04/14 14:39:16 [notice] 115471#115471: signal process started
2022/04/14 14:39:53 [notice] 115540#115540: signal process started
2022/04/14 14:40:19 [notice] 115608#115608: signal process started
2022/04/14 14:49:37 [notice] 116302#116302: signal process started
2022/04/14 14:56:07 [notice] 116674#116674: signal process started
2022/04/14 14:58:54 [notice] 116777#116777: signal process started
2022/04/14 14:59:22 [notice] 116844#116844: signal process started
2022/04/14 15:01:51 [notice] 116946#116946: signal process started
2022/04/14 15:02:18 [notice] 117016#117016: signal process started
2022/04/14 15:05:07 [notice] 117096#117096: signal process started
2022/04/14 15:09:07 [notice] 117216#117216: signal process started
2022/04/14 15:17:04 [notice] 117371#117371: signal process started
2022/04/14 15:19:59 [notice] 117506#117506: signal process started
2022/04/14 15:26:28 [notice] 117618#117618: signal process started
2022/04/14 15:31:17 [notice] 117826#117826: signal process started
2022/04/14 15:31:52 [notice] 117898#117898: signal process started
2022/04/14 15:33:04 [notice] 117967#117967: signal process started
2022/04/14 15:35:21 [notice] 118049#118049: signal process started
2022/04/14 15:37:15 [notice] 118159#118159: signal process started
2022/04/14 15:39:27 [notice] 118212#118212: signal process started
2022/04/14 15:40:44 [notice] 118298#118298: signal process started
2022/04/14 15:41:13 [notice] 118336#118336: signal process started
2022/04/15 12:13:16 [notice] 126724#126724: signal process started
2022/04/15 14:47:19 [notice] 127417#127417: signal process started
2022/04/15 14:49:16 [notice] 127459#127459: signal process started
2022/04/15 14:50:27 [notice] 127559#127559: signal process started
2022/04/15 14:51:12 [notice] 127625#127625: signal process started
2022/04/15 14:53:04 [notice] 127692#127692: signal process started
2022/04/15 14:53:26 [notice] 127755#127755: signal process started
2022/04/15 14:54:42 [notice] 127859#127859: signal process started
2022/04/15 14:56:20 [notice] 127923#127923: signal process started
2022/04/15 14:59:56 [notice] 128006#128006: signal process started
2022/04/15 15:00:02 [notice] 128042#128042: signal process started
2022/04/15 15:02:06 [notice] 128093#128093: signal process started
2022/04/15 15:02:45 [notice] 128158#128158: signal process started
2022/04/15 15:03:17 [notice] 128221#128221: signal process started
2022/04/15 15:03:44 [notice] 128293#128293: signal process started
2022/04/15 15:03:51 [notice] 128329#128329: signal process started
2022/04/15 15:04:01 [notice] 128392#128392: signal process started
2022/04/15 15:05:08 [notice] 128471#128471: signal process started
2022/04/15 15:06:40 [notice] 128558#128558: signal process started
2022/04/15 15:08:15 [notice] 128625#128625: signal process started
2022/04/15 15:08:23 [notice] 128673#128673: signal process started
2022/04/15 15:12:10 [notice] 128753#128753: signal process started
2022/04/15 15:12:26 [notice] 128816#128816: signal process started
2022/04/15 15:12:35 [notice] 128879#128879: signal process started
2022/04/15 15:16:23 [notice] 128920#128920: signal process started
2022/04/15 15:20:32 [notice] 129007#129007: signal process started
2022/04/15 15:23:48 [notice] 129078#129078: signal process started
2022/04/15 15:25:16 [notice] 129160#129160: signal process started
2022/04/15 15:29:29 [notice] 129241#129241: signal process started
2022/04/15 15:30:00 [notice] 129312#129312: signal process started
2022/04/15 15:30:19 [notice] 129379#129379: signal process started
2022/04/15 15:30:34 [notice] 129437#129437: signal process started
2022/04/15 15:30:42 [notice] 129490#129490: signal process started
2022/04/15 15:31:36 [notice] 129553#129553: signal process started
2022/04/15 15:32:17 [notice] 129617#129617: signal process started
2022/04/15 15:32:44 [notice] 129683#129683: signal process started
2022/04/15 15:33:54 [notice] 129746#129746: signal process started
2022/04/15 15:34:03 [notice] 129794#129794: signal process started
2022/04/15 15:34:38 [notice] 129844#129844: signal process started
2022/04/15 15:41:07 [notice] 129970#129970: signal process started
2022/04/15 15:41:38 [notice] 130058#130058: signal process started
2022/04/15 15:43:11 [notice] 130117#130117: signal process started
2022/04/15 15:48:25 [notice] 130196#130196: signal process started
2022/04/15 15:58:07 [notice] 130281#130281: signal process started
2022/04/15 15:58:19 [notice] 130344#130344: signal process started
2022/04/15 15:58:58 [notice] 130408#130408: signal process started
2022/04/15 15:59:19 [notice] 130490#130490: signal process started
2022/04/15 15:59:55 [notice] 130570#130570: signal process started
2022/04/15 16:00:39 [notice] 130637#130637: signal process started
2022/04/15 16:01:05 [notice] 130700#130700: signal process started
2022/04/15 16:01:27 [notice] 130763#130763: signal process started
2022/04/15 16:09:35 [notice] 130898#130898: signal process started
2022/04/15 16:09:44 [notice] 130955#130955: signal process started
2022/04/15 16:12:13 [notice] 131025#131025: signal process started
2022/04/15 16:12:24 [notice] 131088#131088: signal process started
2022/04/15 16:12:48 [notice] 131138#131138: signal process started
2022/04/15 16:12:59 [notice] 131205#131205: signal process started
2022/04/15 16:13:42 [notice] 131269#131269: signal process started
2022/04/15 16:14:34 [notice] 131334#131334: signal process started
2022/04/15 16:15:04 [notice] 131408#131408: signal process started
2022/04/15 16:15:13 [notice] 131471#131471: signal process started
2022/04/15 16:15:21 [notice] 131508#131508: signal process started
2022/04/15 16:15:28 [notice] 131566#131566: signal process started
2022/04/15 16:16:14 [notice] 131626#131626: signal process started
2022/04/15 16:17:16 [notice] 131708#131708: signal process started
2022/04/15 16:17:27 [notice] 131771#131771: signal process started
2022/04/15 16:18:52 [notice] 131838#131838: signal process started
2022/04/15 16:35:46 [notice] 132007#132007: signal process started
2022/04/15 16:36:06 [notice] 132070#132070: signal process started
2022/04/15 16:41:38 [notice] 132154#132154: signal process started
2022/04/15 16:42:52 [notice] 132232#132232: signal process started
2022/04/15 16:45:21 [notice] 132316#132316: signal process started
2022/04/15 16:46:09 [notice] 132394#132394: signal process started
2022/04/15 16:46:35 [notice] 132457#132457: signal process started
2022/04/15 16:46:41 [notice] 132494#132494: signal process started
2022/04/15 16:51:04 [notice] 132579#132579: signal process started
2022/04/15 16:52:24 [notice] 132645#132645: signal process started
2022/04/15 16:55:41 [notice] 132725#132725: signal process started
2022/04/15 16:56:50 [notice] 132797#132797: signal process started
2022/04/15 17:00:13 [notice] 132954#132954: signal process started
2022/04/15 17:03:49 [notice] 133241#133241: signal process started
2022/04/15 17:05:12 [notice] 133359#133359: signal process started
2022/04/15 17:16:45 [notice] 133562#133562: signal process started
2022/04/15 17:21:48 [notice] 133687#133687: signal process started
2022/04/15 17:23:02 [notice] 133757#133757: signal process started
2022/04/15 17:32:04 [notice] 133869#133869: signal process started
2022/04/15 17:34:00 [notice] 133938#133938: signal process started
2022/04/15 17:35:22 [notice] 134017#134017: signal process started
2022/04/15 17:36:26 [notice] 134090#134090: signal process started
2022/04/15 17:37:05 [notice] 134185#134185: signal process started
2022/04/15 17:38:02 [notice] 134251#134251: signal process started
2022/04/15 17:38:14 [notice] 134314#134314: signal process started
2022/04/15 17:38:52 [notice] 134377#134377: signal process started
2022/04/15 17:39:46 [notice] 134449#134449: signal process started
2022/04/15 17:40:21 [notice] 134513#134513: signal process started
2022/04/15 17:43:47 [notice] 134594#134594: signal process started
2022/04/15 17:44:22 [notice] 134659#134659: signal process started
2022/04/15 17:44:33 [notice] 134722#134722: signal process started
2022/04/15 17:45:02 [notice] 134794#134794: signal process started
2022/04/15 17:46:06 [notice] 134858#134858: signal process started
2022/04/15 17:46:16 [notice] 134921#134921: signal process started
2022/04/15 17:46:22 [notice] 134957#134957: signal process started
2022/04/15 17:46:41 [notice] 135021#135021: signal process started
2022/04/15 17:46:48 [notice] 135079#135079: signal process started
2022/04/15 17:46:59 [notice] 135132#135132: signal process started
2022/04/15 17:48:39 [notice] 135203#135203: signal process started
2022/04/15 17:49:11 [notice] 135266#135266: signal process started
2022/04/15 17:49:21 [notice] 135329#135329: signal process started
2022/04/15 17:49:43 [notice] 135409#135409: signal process started
2022/04/15 17:50:03 [notice] 135475#135475: signal process started
2022/04/15 17:50:11 [notice] 135538#135538: signal process started
2022/04/15 17:50:25 [notice] 135586#135586: signal process started
2022/04/15 17:50:32 [notice] 135644#135644: signal process started
2022/04/15 17:50:59 [notice] 135697#135697: signal process started
2022/04/15 17:51:14 [notice] 135760#135760: signal process started
2022/04/15 17:51:21 [notice] 135818#135818: signal process started
2022/04/15 17:51:41 [notice] 135878#135878: signal process started
2022/04/15 17:52:41 [notice] 135944#135944: signal process started
2022/04/15 17:54:02 [notice] 136009#136009: signal process started
2022/04/15 17:54:22 [notice] 136073#136073: signal process started
2022/04/15 17:54:35 [notice] 136136#136136: signal process started
2022/04/15 17:55:38 [notice] 136213#136213: signal process started
2022/04/15 17:55:52 [notice] 136277#136277: signal process started
2022/04/15 17:57:06 [notice] 136371#136371: signal process started
2022/04/15 17:57:50 [notice] 136451#136451: signal process started
2022/04/15 17:58:01 [notice] 136514#136514: signal process started
2022/04/15 17:58:08 [notice] 136573#136573: signal process started
2022/04/15 17:58:37 [notice] 136625#136625: signal process started
2022/04/15 17:58:46 [notice] 136689#136689: signal process started
2022/04/15 17:59:02 [notice] 136737#136737: signal process started
2022/04/15 17:59:17 [notice] 136801#136801: signal process started
2022/04/15 17:59:36 [notice] 136864#136864: signal process started
2022/04/15 18:00:14 [notice] 136959#136959: signal process started
2022/04/15 18:00:37 [notice] 137026#137026: signal process started
2022/04/15 18:01:33 [notice] 137089#137089: signal process started
2022/04/15 18:02:15 [notice] 137153#137153: signal process started
2022/04/15 18:02:23 [notice] 137211#137211: signal process started
2022/04/15 18:02:30 [notice] 137273#137273: signal process started
2022/04/15 18:02:36 [notice] 137312#137312: signal process started
2022/04/15 18:05:56 [notice] 137428#137428: signal process started
2022/04/15 18:06:17 [notice] 137491#137491: signal process started
2022/04/15 18:20:39 [notice] 137612#137612: signal process started
2022/04/15 18:21:25 [notice] 137676#137676: signal process started
2022/04/15 18:26:59 [notice] 137789#137789: signal process started
2022/04/15 18:28:25 [notice] 137854#137854: signal process started
2022/04/15 18:29:29 [notice] 137899#137899: signal process started
2022/04/15 18:33:45 [notice] 137994#137994: signal process started
2022/04/15 18:33:58 [notice] 138057#138057: signal process started
2022/04/15 18:44:24 [notice] 138143#138143: signal process started
2022/04/15 18:47:17 [notice] 138244#138244: signal process started
2022/04/15 18:47:34 [notice] 138301#138301: signal process started
2022/04/16 13:06:37 [notice] 143482#143482: signal process started
2022/04/16 13:06:39 [notice] 143491#143491: signal process started
2022/04/16 13:09:43 [notice] 143606#143606: signal process started
2022/04/16 13:13:10 [notice] 143733#143733: signal process started
2022/04/16 13:13:28 [notice] 143796#143796: signal process started
2022/04/16 13:16:20 [notice] 143889#143889: signal process started
2022/04/16 13:16:23 [notice] 143920#143920: signal process started
2022/04/16 13:17:34 [notice] 143978#143978: signal process started
2022/04/16 13:19:07 [notice] 144045#144045: signal process started
2022/04/16 13:19:54 [notice] 144124#144124: signal process started
2022/04/16 13:20:18 [notice] 144187#144187: signal process started
2022/04/16 13:20:38 [notice] 144265#144265: signal process started
2022/04/16 13:21:57 [notice] 144313#144313: signal process started
2022/04/16 13:22:03 [notice] 144343#144343: signal process started
2022/04/16 13:22:40 [notice] 144411#144411: signal process started
2022/04/16 13:23:15 [notice] 144476#144476: signal process started
2022/04/16 13:25:13 [notice] 144579#144579: signal process started
2022/04/16 13:25:51 [notice] 144643#144643: signal process started
2022/04/16 13:26:28 [notice] 144744#144744: signal process started
2022/04/16 13:26:46 [notice] 144807#144807: signal process started
2022/04/16 13:28:45 [notice] 144957#144957: signal process started
2022/04/16 13:29:23 [notice] 145021#145021: signal process started
2022/04/16 13:29:45 [notice] 145092#145092: signal process started
2022/04/16 13:30:07 [notice] 145158#145158: signal process started
2022/04/16 13:30:28 [notice] 145223#145223: signal process started
2022/04/16 13:32:11 [notice] 145288#145288: signal process started
2022/04/16 13:32:18 [notice] 145336#145336: signal process started
2022/04/16 13:32:23 [notice] 145384#145384: signal process started
2022/04/16 13:33:06 [notice] 145439#145439: signal process started
2022/04/16 13:33:11 [notice] 145475#145475: signal process started
2022/04/16 13:36:06 [notice] 145615#145615: signal process started
2022/04/16 13:36:21 [notice] 145652#145652: signal process started
2022/04/16 13:37:41 [notice] 145720#145720: signal process started
2022/04/16 13:39:13 [notice] 145784#145784: signal process started
2022/04/16 13:40:09 [notice] 145855#145855: signal process started
2022/04/16 13:40:53 [notice] 145919#145919: signal process started
2022/04/16 13:41:14 [notice] 145982#145982: signal process started
2022/04/16 13:42:30 [notice] 146045#146045: signal process started
2022/04/16 13:43:01 [notice] 146110#146110: signal process started
2022/04/16 13:45:03 [notice] 146186#146186: signal process started
2022/04/16 13:45:28 [notice] 146250#146250: signal process started
2022/04/16 13:45:54 [notice] 146313#146313: signal process started
2022/04/16 13:46:03 [notice] 146413#146413: signal process started
2022/04/16 13:46:18 [notice] 146465#146465: signal process started
2022/04/16 13:46:48 [notice] 146529#146529: signal process started
2022/04/16 13:50:54 [notice] 146608#146608: signal process started
2022/04/16 13:51:14 [notice] 146671#146671: signal process started
2022/04/16 14:09:46 [notice] 146901#146901: signal process started
2022/04/16 14:09:57 [notice] 146949#146949: signal process started
2022/04/16 14:10:53 [notice] 146999#146999: signal process started
2022/04/16 14:12:22 [notice] 147078#147078: signal process started
2022/04/16 14:47:05 [notice] 147272#147272: signal process started
2022/04/16 14:47:16 [notice] 147335#147335: signal process started
2022/04/16 14:48:02 [notice] 147400#147400: signal process started
2022/04/16 14:48:15 [notice] 147473#147473: signal process started
2022/04/16 14:49:28 [notice] 147663#147663: signal process started
2022/04/16 14:50:22 [notice] 147731#147731: signal process started
2022/04/16 14:50:44 [notice] 147794#147794: signal process started
2022/04/16 14:51:29 [notice] 147859#147859: signal process started
2022/04/16 14:51:55 [notice] 147922#147922: signal process started
2022/04/16 14:52:10 [notice] 147985#147985: signal process started
2022/04/16 14:52:49 [notice] 148051#148051: signal process started
2022/04/16 14:53:34 [notice] 148137#148137: signal process started
2022/04/16 14:53:54 [notice] 148200#148200: signal process started
2022/04/16 14:53:59 [notice] 148245#148245: signal process started
2022/04/16 14:55:25 [notice] 148336#148336: signal process started
2022/04/16 14:55:36 [notice] 148384#148384: signal process started
2022/04/16 14:56:11 [notice] 148449#148449: signal process started
2022/04/16 14:56:21 [notice] 148512#148512: signal process started
2022/04/16 14:57:39 [notice] 148564#148564: signal process started
2022/04/16 15:18:11 [notice] 148749#148749: signal process started
2022/04/16 15:30:00 [notice] 148992#148992: signal process started
2022/04/16 15:31:06 [notice] 149062#149062: signal process started
2022/04/16 15:34:03 [notice] 149142#149142: signal process started
2022/04/16 15:51:05 [notice] 149408#149408: signal process started
2022/04/16 15:52:01 [notice] 149483#149483: signal process started
2022/04/16 15:52:24 [notice] 149546#149546: signal process started
2022/04/16 15:52:31 [notice] 149594#149594: signal process started
2022/04/16 15:53:40 [notice] 149660#149660: signal process started
2022/04/16 15:53:54 [notice] 149723#149723: signal process started
2022/04/16 15:54:08 [notice] 149787#149787: signal process started
2022/04/16 15:54:15 [notice] 149835#149835: signal process started
2022/04/16 15:54:18 [notice] 149871#149871: signal process started
2022/04/16 16:02:44 [notice] 149975#149975: signal process started
2022/04/16 16:04:08 [notice] 150073#150073: signal process started
2022/04/16 16:05:17 [notice] 150148#150148: signal process started
2022/04/16 16:06:00 [notice] 150219#150219: signal process started
2022/04/16 16:08:35 [notice] 150449#150449: signal process started
2022/04/16 16:08:48 [notice] 150484#150484: signal process started
2022/04/16 16:09:25 [notice] 150551#150551: signal process started
2022/04/16 16:13:10 [notice] 150630#150630: signal process started
2022/04/16 16:14:38 [notice] 150698#150698: signal process started
2022/04/16 16:17:30 [notice] 150780#150780: signal process started
2022/04/16 16:18:22 [notice] 150817#150817: signal process started
2022/04/16 16:18:43 [notice] 150880#150880: signal process started
2022/04/16 16:18:51 [notice] 150938#150938: signal process started
2022/04/16 16:20:29 [notice] 151005#151005: signal process started
2022/04/16 16:22:53 [notice] 151072#151072: signal process started
2022/04/16 16:23:31 [notice] 151135#151135: signal process started
2022/04/16 16:25:26 [notice] 151208#151208: signal process started
2022/04/16 16:26:47 [notice] 151273#151273: signal process started
2022/04/16 16:32:49 [notice] 151398#151398: signal process started
2022/04/16 16:35:06 [notice] 151477#151477: signal process started
2022/04/16 16:35:33 [notice] 151540#151540: signal process started
2022/04/16 16:35:51 [notice] 151603#151603: signal process started
2022/04/16 16:40:25 [notice] 151851#151851: signal process started
2022/04/16 16:41:31 [notice] 151924#151924: signal process started
2022/04/16 16:44:44 [notice] 152083#152083: signal process started
2022/04/16 16:46:33 [notice] 152240#152240: signal process started
2022/04/16 17:19:21 [notice] 152422#152422: signal process started
2022/04/16 17:20:38 [notice] 152501#152501: signal process started
2022/04/16 17:22:14 [notice] 152572#152572: signal process started
2022/04/16 17:22:48 [notice] 152638#152638: signal process started
2022/04/16 17:24:18 [notice] 152709#152709: signal process started
2022/04/16 17:25:44 [notice] 152812#152812: signal process started
2022/04/16 17:27:45 [notice] 152877#152877: signal process started
2022/04/16 17:28:32 [notice] 152941#152941: signal process started
2022/04/16 17:28:53 [notice] 153006#153006: signal process started
2022/04/16 17:30:02 [notice] 153080#153080: signal process started
2022/04/16 17:31:55 [notice] 153150#153150: signal process started
2022/04/16 17:33:15 [notice] 153313#153313: signal process started
2022/04/16 17:33:41 [notice] 153376#153376: signal process started
2022/04/16 17:34:15 [notice] 153440#153440: signal process started
2022/04/16 17:34:24 [notice] 153504#153504: signal process started
2022/04/16 17:34:42 [notice] 153564#153564: signal process started
2022/04/16 17:34:56 [notice] 153627#153627: signal process started
2022/04/16 17:35:01 [notice] 153660#153660: signal process started
2022/04/16 17:35:37 [notice] 153711#153711: signal process started
2022/04/16 17:36:16 [notice] 153774#153774: signal process started
2022/04/16 17:39:28 [notice] 153864#153864: signal process started
2022/04/16 17:39:41 [notice] 153906#153906: signal process started
2022/04/16 17:58:30 [notice] 154077#154077: signal process started
2022/04/16 17:59:13 [notice] 154142#154142: signal process started
2022/04/16 17:59:49 [notice] 154220#154220: signal process started
2022/04/16 18:00:05 [notice] 154285#154285: signal process started
2022/04/16 18:02:03 [notice] 154366#154366: signal process started
2022/04/16 18:02:13 [notice] 154414#154414: signal process started
2022/04/16 18:03:40 [notice] 154494#154494: signal process started
2022/04/16 18:03:52 [notice] 154557#154557: signal process started
2022/04/16 18:04:44 [notice] 154633#154633: signal process started
2022/04/16 18:04:46 [notice] 154654#154654: signal process started
2022/04/16 18:06:52 [notice] 154719#154719: signal process started
2022/04/16 18:10:42 [notice] 154892#154892: signal process started
2022/04/16 18:10:53 [notice] 154955#154955: signal process started
2022/04/16 18:11:00 [notice] 155012#155012: signal process started
2022/04/16 18:11:14 [notice] 155105#155105: signal process started
2022/04/17 14:38:56 [notice] 169780#169780: signal process started
2022/04/17 14:39:27 [notice] 169849#169849: signal process started
2022/04/17 14:43:17 [notice] 170058#170058: signal process started
2022/04/17 14:51:57 [notice] 170198#170198: signal process started
2022/04/17 14:52:31 [notice] 170276#170276: signal process started
2022/04/17 14:53:41 [notice] 170351#170351: signal process started
2022/04/17 14:53:56 [notice] 170417#170417: signal process started
2022/04/17 14:59:20 [notice] 170518#170518: signal process started
2022/04/17 15:01:57 [notice] 170598#170598: signal process started
2022/04/17 15:02:42 [notice] 170694#170694: signal process started
2022/04/17 15:04:12 [notice] 170834#170834: signal process started
2022/04/17 15:05:31 [notice] 170909#170909: signal process started
2022/04/17 15:11:47 [notice] 170988#170988: signal process started
2022/04/17 15:12:59 [notice] 171062#171062: signal process started
2022/04/17 15:13:27 [notice] 171155#171155: signal process started
2022/04/17 15:35:34 [notice] 171332#171332: signal process started
2022/04/17 15:35:46 [notice] 171374#171374: signal process started
2022/04/17 15:37:06 [notice] 171410#171410: signal process started
2022/04/17 15:38:39 [notice] 171477#171477: signal process started
2022/04/17 15:39:45 [notice] 171560#171560: signal process started
2022/04/17 15:40:27 [notice] 171623#171623: signal process started
2022/04/17 15:40:39 [notice] 171686#171686: signal process started
2022/04/17 15:50:33 [notice] 171931#171931: signal process started
2022/04/17 15:50:41 [notice] 171989#171989: signal process started
2022/04/17 16:05:11 [notice] 172138#172138: signal process started
2022/04/17 16:05:32 [notice] 172201#172201: signal process started
2022/04/17 16:05:45 [notice] 172264#172264: signal process started
2022/04/17 16:07:25 [notice] 172336#172336: signal process started
2022/04/17 16:08:30 [notice] 172403#172403: signal process started
2022/04/17 16:09:38 [notice] 172513#172513: signal process started
2022/04/17 16:12:17 [notice] 172608#172608: signal process started
2022/04/17 16:13:03 [notice] 172685#172685: signal process started
2022/04/17 16:13:29 [notice] 172749#172749: signal process started
2022/04/17 16:16:52 [notice] 172836#172836: signal process started
2022/04/17 16:17:03 [notice] 172903#172903: signal process started
2022/04/17 16:17:20 [notice] 172967#172967: signal process started
2022/04/17 16:17:50 [notice] 173032#173032: signal process started
2022/04/17 16:19:31 [notice] 173102#173102: signal process started
2022/04/17 16:20:21 [notice] 173161#173161: signal process started
2022/04/17 16:22:16 [notice] 173299#173299: signal process started
2022/04/17 16:24:03 [notice] 173459#173459: signal process started
2022/04/17 16:24:33 [notice] 173530#173530: signal process started
2022/04/17 16:34:41 [notice] 173793#173793: signal process started
2022/04/17 16:38:13 [notice] 173978#173978: signal process started
2022/04/17 16:38:38 [notice] 174041#174041: signal process started
2022/04/17 16:44:10 [notice] 174126#174126: signal process started
2022/04/17 16:45:35 [notice] 174185#174185: signal process started
2022/04/17 16:45:50 [notice] 174235#174235: signal process started
2022/04/17 16:46:44 [notice] 174305#174305: signal process started
2022/04/17 16:47:06 [notice] 174369#174369: signal process started
2022/04/17 16:55:07 [notice] 174600#174600: signal process started
2022/04/17 16:57:04 [notice] 174670#174670: signal process started
2022/04/17 16:57:39 [notice] 174763#174763: signal process started
2022/04/17 16:58:11 [notice] 174831#174831: signal process started
2022/04/17 16:59:36 [notice] 174981#174981: signal process started
2022/04/17 17:04:34 [notice] 175155#175155: signal process started
2022/04/17 17:20:10 [notice] 175462#175462: signal process started
2022/04/17 17:21:17 [notice] 175535#175535: signal process started
2022/04/17 17:22:24 [notice] 175602#175602: signal process started
2022/04/17 17:22:35 [notice] 175637#175637: signal process started
2022/04/17 17:23:10 [notice] 175704#175704: signal process started
2022/04/17 17:23:48 [notice] 175767#175767: signal process started
2022/04/17 17:25:32 [notice] 175870#175870: signal process started
2022/04/17 17:39:49 [notice] 176034#176034: signal process started
2022/04/17 17:55:39 [notice] 176331#176331: signal process started
2022/04/17 17:56:58 [notice] 176477#176477: signal process started
2022/04/17 17:57:11 [notice] 176540#176540: signal process started
2022/04/17 18:01:55 [notice] 176629#176629: signal process started
2022/04/17 18:03:25 [notice] 176783#176783: signal process started
2022/04/17 18:05:12 [notice] 176941#176941: signal process started
2022/04/17 18:05:20 [notice] 177008#177008: signal process started
2022/04/17 18:05:47 [notice] 177086#177086: signal process started
2022/04/17 18:05:49 [notice] 177107#177107: signal process started
2022/04/17 18:10:46 [notice] 177325#177325: signal process started
2022/04/17 18:11:35 [notice] 177388#177388: signal process started
2022/04/17 18:12:07 [notice] 177451#177451: signal process started
2022/04/17 18:12:52 [notice] 177549#177549: signal process started
2022/04/17 18:18:56 [notice] 177683#177683: signal process started
2022/04/17 18:21:39 [notice] 177771#177771: signal process started
2022/04/17 18:22:41 [notice] 177837#177837: signal process started
2022/04/17 18:28:42 [notice] 177964#177964: signal process started
2022/04/17 18:29:13 [notice] 178030#178030: signal process started
2022/04/17 18:30:09 [notice] 178106#178106: signal process started
2022/04/17 18:30:53 [notice] 178176#178176: signal process started
2022/04/17 18:31:32 [notice] 178240#178240: signal process started
2022/04/17 18:32:16 [notice] 178306#178306: signal process started
2022/04/17 18:33:11 [notice] 178373#178373: signal process started
2022/04/17 18:33:55 [notice] 178479#178479: signal process started
2022/04/17 18:45:52 [notice] 178959#178959: signal process started
2022/04/17 18:47:52 [notice] 179142#179142: signal process started
2022/04/17 18:48:58 [notice] 179305#179305: signal process started
2022/04/17 18:54:56 [notice] 179787#179787: signal process started
2022/04/17 18:57:28 [notice] 179855#179855: signal process started
2022/04/17 18:57:40 [notice] 179928#179928: signal process started
2022/04/17 18:57:48 [notice] 179990#179990: signal process started
2022/04/17 19:00:00 [notice] 180102#180102: signal process started
2022/04/17 19:01:02 [notice] 180192#180192: signal process started
2022/04/17 19:15:13 [notice] 180449#180449: signal process started
2022/04/17 19:17:46 [notice] 180507#180507: signal process started
2022/04/17 19:19:41 [notice] 180577#180577: signal process started
2022/04/17 19:20:50 [notice] 180659#180659: signal process started
2022/04/17 19:23:43 [notice] 180739#180739: signal process started
2022/04/17 19:24:38 [notice] 180846#180846: signal process started
2022/04/17 19:25:28 [notice] 180924#180924: signal process started
2022/04/17 19:25:58 [notice] 180958#180958: signal process started
2022/04/18 11:47:07 [notice] 186067#186067: signal process started
2022/04/18 11:49:31 [notice] 186117#186117: signal process started
2022/04/18 11:49:54 [notice] 186197#186197: signal process started
2022/04/18 11:51:17 [notice] 186263#186263: signal process started
2022/04/18 11:51:51 [notice] 186326#186326: signal process started
2022/04/18 11:52:21 [notice] 186389#186389: signal process started
2022/04/18 11:52:42 [notice] 186455#186455: signal process started
2022/04/18 11:53:12 [notice] 186518#186518: signal process started
2022/04/18 12:10:33 [notice] 186709#186709: signal process started
2022/04/18 12:11:42 [notice] 186779#186779: signal process started
2022/04/18 12:11:59 [notice] 186814#186814: signal process started
2022/04/18 12:13:01 [notice] 186896#186896: signal process started
2022/04/18 12:16:24 [notice] 187038#187038: signal process started
2022/04/18 12:17:12 [notice] 187091#187091: signal process started
2022/04/18 12:18:25 [notice] 187149#187149: signal process started
2022/04/18 12:20:22 [notice] 187238#187238: signal process started
2022/04/18 12:20:46 [notice] 187301#187301: signal process started
2022/04/18 12:21:19 [notice] 187364#187364: signal process started
2022/04/18 12:23:31 [notice] 187434#187434: signal process started
2022/04/18 12:29:04 [notice] 187624#187624: signal process started
2022/04/18 17:14:35 [notice] 188882#188882: signal process started
2022/04/21 17:17:20 [notice] 223863#223863: signal process started
2022/04/21 17:17:53 [notice] 223900#223900: signal process started
2022/04/21 17:19:44 [notice] 223981#223981: signal process started
2022/04/21 17:20:21 [notice] 224046#224046: signal process started
2022/04/21 17:20:43 [notice] 224109#224109: signal process started
2022/04/21 17:21:22 [notice] 224173#224173: signal process started
2022/04/21 18:04:55 [notice] 224916#224916: signal process started
2022/04/22 11:14:50 [notice] 6286#6286: signal process started
2022/04/22 11:14:50 [alert] 6286#6286: kill(95350, 1) failed (3: No such process)
2022/04/22 11:42:39 [emerg] 7234#7234: bind() to 0.0.0.0:8888 failed (98: Address already in use)
2022/04/22 11:42:39 [emerg] 7234#7234: bind() to 0.0.0.0:8888 failed (98: Address already in use)
2022/04/22 11:42:41 [notice] 7239#7239: signal process started
2022/04/22 11:44:05 [notice] 7277#7277: signal process started
2022/04/22 11:44:55 [notice] 7341#7341: signal process started
2022/04/22 11:55:03 [notice] 7551#7551: signal process started
2022/04/24 17:45:29 [notice] 11562#11562: signal process started
2022/04/24 18:09:36 [notice] 11812#11812: signal process started
2022/04/24 18:17:25 [notice] 11869#11869: signal process started
2022/04/24 18:17:46 [notice] 11903#11903: signal process started
2022/04/24 18:18:58 [notice] 11944#11944: signal process started
2022/04/24 18:20:59 [notice] 11978#11978: signal process started
2022/04/24 18:21:06 [notice] 12012#12012: signal process started
2022/04/24 18:21:08 [notice] 12030#12030: signal process started
2022/04/24 18:22:40 [notice] 12062#12062: signal process started
2022/04/24 18:24:06 [notice] 12116#12116: signal process started
2022/04/24 18:24:29 [notice] 12149#12149: signal process started
2022/04/24 20:12:04 [notice] 12525#12525: signal process started
2022/04/24 20:13:44 [notice] 12567#12567: signal process started
2022/04/24 20:16:05 [notice] 12751#12751: signal process started
2022/04/24 20:16:51 [notice] 12806#12806: signal process started
2022/04/24 20:18:39 [notice] 12927#12927: signal process started
2022/04/24 20:27:25 [notice] 13161#13161: signal process started
2022/04/24 20:28:48 [notice] 13347#13347: signal process started
2022/04/24 20:29:23 [notice] 13448#13448: signal process started
2022/04/24 20:29:54 [notice] 13542#13542: signal process started
2022/04/24 21:30:46 [notice] 14277#14277: signal process started
2022/04/24 21:33:08 [notice] 14391#14391: signal process started
2022/04/24 21:34:00 [notice] 14466#14466: signal process started
2022/04/24 21:34:52 [notice] 14583#14583: signal process started
2022/04/24 21:36:10 [notice] 14746#14746: signal process started
2022/04/24 21:37:04 [notice] 14836#14836: signal process started
2022/04/24 21:37:20 [notice] 14905#14905: signal process started
2022/04/24 21:38:49 [notice] 15034#15034: signal process started
2022/04/24 21:39:06 [notice] 15104#15104: signal process started
2022/04/24 21:39:21 [notice] 15175#15175: signal process started
2022/04/25 12:21:33 [notice] 17255#17255: signal process started
2022/04/25 14:52:24 [notice] 17926#17926: signal process started
2022/04/25 14:54:46 [notice] 18009#18009: signal process started
2022/04/25 14:56:38 [notice] 18042#18042: signal process started
2022/04/25 14:58:49 [notice] 18147#18147: signal process started
2022/04/25 15:05:23 [notice] 18396#18396: signal process started
2022/04/25 15:05:34 [notice] 18436#18436: signal process started
2022/04/25 15:05:38 [notice] 18475#18475: signal process started
2022/04/25 15:06:22 [notice] 18519#18519: signal process started
2022/04/25 15:06:23 [notice] 18528#18528: signal process started
2022/04/25 15:11:28 [notice] 18855#18855: signal process started
2022/04/25 15:12:28 [notice] 18967#18967: signal process started
2022/04/25 15:12:51 [notice] 19003#19003: signal process started
2022/04/25 15:14:04 [notice] 19135#19135: signal process started
2022/04/25 15:15:23 [notice] 19213#19213: signal process started
2022/05/06 17:00:00 [notice] 2451#2451: signal process started
2022/05/06 17:00:00 [alert] 2451#2451: kill(11520, 1) failed (3: No such process)
2022/05/06 17:03:34 [notice] 2603#2603: signal process started
2022/05/06 17:05:57 [notice] 2849#2849: signal process started
2022/05/06 17:08:12 [notice] 2933#2933: signal process started
2022/05/06 17:08:25 [notice] 3004#3004: signal process started
2022/05/06 17:08:53 [notice] 3088#3088: signal process started
2022/05/06 17:09:26 [notice] 3168#3168: signal process started
2022/05/06 17:54:29 [notice] 5602#5602: signal process started
2022/05/06 20:38:56 [emerg] 2349#2349: bind() to 0.0.0.0:8888 failed (98: Address already in use)
2022/05/06 20:38:56 [emerg] 2349#2349: bind() to 0.0.0.0:8888 failed (98: Address already in use)
2022/05/06 20:38:56 [emerg] 2349#2349: bind() to 0.0.0.0:8888 failed (98: Address already in use)
2022/05/06 20:38:56 [emerg] 2349#2349: bind() to 0.0.0.0:8888 failed (98: Address already in use)
2022/05/06 20:38:56 [emerg] 2349#2349: bind() to 0.0.0.0:8888 failed (98: Address already in use)
2022/05/06 20:38:56 [emerg] 2349#2349: still could not bind()
2022/05/06 20:42:08 [notice] 3201#3201: signal process started
2022/05/06 20:45:15 [notice] 4004#4004: signal process started
2022/05/06 20:50:04 [notice] 5242#5242: signal process started
2022/05/07 10:34:05 [notice] 13202#13202: signal process started
2022/05/07 11:15:09 [notice] 24510#24510: signal process started
2022/05/07 11:15:46 [notice] 24733#24733: signal process started
2022/05/07 15:53:54 [notice] 20425#20425: signal process started
2022/05/07 15:54:14 [notice] 20555#20555: signal process started
2022/05/07 15:55:02 [notice] 20848#20848: signal process started
2022/05/07 16:08:44 [notice] 23787#23787: signal process started
2022/05/07 16:10:48 [notice] 24461#24461: signal process started
2022/05/07 16:12:14 [notice] 24868#24868: signal process started
2022/05/07 16:26:47 [notice] 28020#28020: signal process started
2022/05/07 16:27:22 [notice] 28218#28218: signal process started
2022/05/07 16:27:23 [notice] 28234#28234: signal process started
2022/05/07 16:30:07 [notice] 29043#29043: signal process started
2022/05/07 16:30:42 [notice] 29291#29291: signal process started
2022/05/07 16:55:11 [notice] 2169#2169: signal process started
2022/05/07 18:17:19 [notice] 19329#19329: signal process started
2022/05/07 18:23:54 [notice] 21383#21383: signal process started
2022/05/07 18:25:40 [notice] 21831#21831: signal process started
2022/05/07 18:25:50 [notice] 21920#21920: signal process started
2022/05/07 18:26:46 [notice] 22180#22180: signal process started
2022/05/07 18:30:12 [notice] 23152#23152: signal process started
2022/05/07 18:31:08 [notice] 23506#23506: signal process started
2022/05/07 18:31:31 [notice] 23684#23684: signal process started
2022/05/07 18:34:23 [notice] 24484#24484: signal process started
2022/05/07 18:34:36 [notice] 24605#24605: signal process started
2022/05/07 18:35:47 [notice] 24932#24932: signal process started
2022/05/07 18:36:51 [notice] 25238#25238: signal process started
2022/05/07 18:42:34 [notice] 26605#26605: signal process started
2022/05/07 18:42:48 [notice] 26707#26707: signal process started
2022/05/07 18:44:53 [notice] 27265#27265: signal process started
2022/05/07 18:46:13 [notice] 27648#27648: signal process started
2022/05/07 18:46:49 [notice] 27819#27819: signal process started
2022/05/07 18:50:57 [notice] 28857#28857: signal process started
2022/05/10 12:14:43 [notice] 16709#16709: signal process started
2022/05/10 12:15:15 [notice] 16924#16924: signal process started
2022/05/10 12:15:29 [notice] 17035#17035: signal process started
2022/05/10 15:00:36 [notice] 18639#18639: signal process started
2022/05/10 15:05:54 [notice] 19793#19793: signal process started
2022/05/10 15:11:32 [notice] 21135#21135: signal process started
2022/05/10 15:12:22 [notice] 21417#21417: signal process started
2022/05/10 15:13:44 [notice] 21773#21773: signal process started
2022/05/10 15:14:36 [notice] 22022#22022: signal process started
2022/05/10 15:14:44 [notice] 22078#22078: signal process started
2022/05/10 15:15:59 [notice] 22398#22398: signal process started
2022/05/10 15:18:00 [notice] 22879#22879: signal process started
2022/05/10 15:20:12 [notice] 23499#23499: signal process started
2022/05/10 15:20:31 [notice] 23598#23598: signal process started
2022/05/10 15:43:34 [notice] 28775#28775: signal process started
2022/05/10 15:46:04 [notice] 29535#29535: signal process started
2022/05/10 15:59:20 [notice] 32384#32384: signal process started
2022/05/10 16:19:19 [notice] 4323#4323: signal process started
2022/05/10 16:19:54 [notice] 4465#4465: signal process started
2022/05/10 16:21:16 [notice] 4828#4828: signal process started
2022/05/10 16:21:31 [notice] 4918#4918: signal process started
2022/05/10 16:21:40 [notice] 5002#5002: signal process started
2022/05/10 16:23:47 [notice] 5499#5499: signal process started
2022/05/10 16:24:21 [notice] 5675#5675: signal process started
2022/05/10 16:25:42 [notice] 6024#6024: signal process started
2022/05/10 16:26:26 [notice] 6236#6236: signal process started
2022/05/10 16:27:23 [notice] 6500#6500: signal process started
2022/05/10 16:27:48 [notice] 6662#6662: signal process started
2022/05/10 16:28:15 [notice] 6826#6826: signal process started
2022/05/10 16:30:25 [notice] 7409#7409: signal process started
2022/05/10 16:30:57 [notice] 7539#7539: signal process started
2022/05/10 16:32:49 [notice] 8004#8004: signal process started
2022/05/10 16:33:28 [notice] 8208#8208: signal process started
2022/05/10 16:34:23 [notice] 8472#8472: signal process started
2022/05/10 16:50:52 [notice] 12055#12055: signal process started
2022/05/10 16:51:41 [notice] 12350#12350: signal process started
2022/05/10 16:53:01 [notice] 12702#12702: signal process started
2022/05/10 16:53:42 [notice] 12905#12905: signal process started
2022/05/10 16:54:02 [notice] 13033#13033: signal process started
2022/05/10 16:54:17 [notice] 13157#13157: signal process started
2022/05/10 16:56:09 [notice] 13626#13626: signal process started
2022/05/10 16:58:52 [notice] 14300#14300: signal process started
2022/05/10 16:59:00 [notice] 14374#14374: signal process started
2022/05/10 17:00:15 [notice] 14772#14772: signal process started
2022/05/10 17:02:23 [notice] 15261#15261: signal process started
2022/05/10 17:02:33 [notice] 15340#15340: signal process started
2022/05/10 17:03:06 [notice] 15504#15504: signal process started
2022/05/10 17:03:32 [notice] 15631#15631: signal process started
2022/05/10 17:10:13 [notice] 17556#17556: signal process started
2022/05/10 17:12:20 [notice] 18249#18249: signal process started
2022/05/10 17:13:03 [notice] 18472#18472: signal process started
2022/05/10 17:13:47 [notice] 18670#18670: signal process started
2022/05/10 17:14:26 [notice] 18871#18871: signal process started
2022/05/10 17:24:41 [notice] 21098#21098: signal process started
2022/05/10 17:26:05 [notice] 21535#21535: signal process started
2022/05/10 17:26:52 [notice] 21718#21718: signal process started
2022/05/10 17:27:52 [notice] 21985#21985: signal process started
2022/05/10 17:28:35 [notice] 22192#22192: signal process started
2022/05/10 17:28:52 [notice] 22299#22299: signal process started
2022/05/10 17:28:59 [notice] 22348#22348: signal process started
2022/05/10 17:37:04 [notice] 24188#24188: signal process started
2022/05/10 17:46:57 [notice] 26335#26335: signal process started
2022/05/10 17:59:27 [notice] 29175#29175: signal process started
2022/05/10 18:01:13 [notice] 29597#29597: signal process started
2022/05/10 18:17:38 [notice] 470#470: signal process started
2022/05/10 18:26:40 [notice] 2455#2455: signal process started
2022/05/10 18:27:08 [notice] 2599#2599: signal process started
2022/05/10 18:27:54 [notice] 2760#2760: signal process started
2022/05/10 18:28:46 [notice] 3019#3019: signal process started
2022/05/10 18:29:28 [notice] 3226#3226: signal process started
2022/05/10 19:41:26 [notice] 17788#17788: signal process started
2022/05/10 19:42:38 [notice] 18097#18097: signal process started
2022/05/10 19:43:22 [notice] 18309#18309: signal process started
2022/05/10 19:49:14 [notice] 19779#19779: signal process started
2022/05/10 19:49:54 [notice] 20008#20008: signal process started
2022/05/10 19:50:30 [notice] 20258#20258: signal process started
2022/05/10 19:52:13 [notice] 20789#20789: signal process started
2022/05/10 20:07:40 [notice] 24075#24075: signal process started
2022/05/10 20:10:26 [notice] 24758#24758: signal process started
2022/05/10 20:11:32 [notice] 25032#25032: signal process started
2022/05/10 20:12:39 [notice] 25317#25317: signal process started
2022/05/10 20:14:34 [notice] 25761#25761: signal process started
2022/05/10 20:15:23 [notice] 26033#26033: signal process started
2022/05/10 20:18:45 [notice] 26847#26847: signal process started
2022/05/10 20:19:35 [notice] 27130#27130: signal process started
2022/05/10 20:35:48 [notice] 31518#31518: signal process started
2022/05/10 20:41:31 [notice] 345#345: signal process started
2022/05/11 12:20:37 [notice] 2431#2431: signal process started
2022/05/11 12:30:46 [notice] 5288#5288: signal process started
2022/05/17 15:07:45 [notice] 13288#13288: signal process started
